[debug] [2023-06-11T10:17:03.547Z] ----------------------------------------------------------------------
[debug] [2023-06-11T10:17:03.551Z] Command:       E:\NodeJS\node.exe C:\Users\Laptop House\AppData\Roaming\npm\node_modules\firebase-tools\lib\bin\firebase.js deploy
[debug] [2023-06-11T10:17:03.551Z] CLI Version:   12.3.1
[debug] [2023-06-11T10:17:03.552Z] Platform:      win32
[debug] [2023-06-11T10:17:03.552Z] Node Version:  v18.13.0
[debug] [2023-06-11T10:17:03.554Z] Time:          Sun Jun 11 2023 15:17:03 GMT+0500 (Pakistan Standard Time)
[debug] [2023-06-11T10:17:03.554Z] ----------------------------------------------------------------------
[debug] 
[debug] [2023-06-11T10:17:03.673Z] > command requires scopes: ["email","openid","https://www.googleapis.com/auth/cloudplatformprojects.readonly","https://www.googleapis.com/auth/firebase","https://www.googleapis.com/auth/cloud-platform"]
[debug] [2023-06-11T10:17:03.674Z] > authorizing via signed-in user (uzairmasood050@gmail.com)
[debug] [2023-06-11T10:17:03.674Z] [iam] checking project linkedin-clone-e41ea for permissions ["firebase.projects.get","firebasehosting.sites.update"]
[debug] [2023-06-11T10:17:03.678Z] >>> [apiv2][query] POST https://cloudresourcemanager.googleapis.com/v1/projects/linkedin-clone-e41ea:testIamPermissions [none]
[debug] [2023-06-11T10:17:03.678Z] >>> [apiv2][(partial)header] POST https://cloudresourcemanager.googleapis.com/v1/projects/linkedin-clone-e41ea:testIamPermissions x-goog-quota-user=projects/linkedin-clone-e41ea
[debug] [2023-06-11T10:17:03.678Z] >>> [apiv2][body] POST https://cloudresourcemanager.googleapis.com/v1/projects/linkedin-clone-e41ea:testIamPermissions {"permissions":["firebase.projects.get","firebasehosting.sites.update"]}
[debug] [2023-06-11T10:17:05.585Z] <<< [apiv2][status] POST https://cloudresourcemanager.googleapis.com/v1/projects/linkedin-clone-e41ea:testIamPermissions 200
[debug] [2023-06-11T10:17:05.585Z] <<< [apiv2][body] POST https://cloudresourcemanager.googleapis.com/v1/projects/linkedin-clone-e41ea:testIamPermissions {"permissions":["firebase.projects.get","firebasehosting.sites.update"]}
[debug] [2023-06-11T10:17:05.587Z] >>> [apiv2][query] GET https://firebase.googleapis.com/v1beta1/projects/linkedin-clone-e41ea [none]
[debug] [2023-06-11T10:17:06.272Z] <<< [apiv2][status] GET https://firebase.googleapis.com/v1beta1/projects/linkedin-clone-e41ea 200
[debug] [2023-06-11T10:17:06.273Z] <<< [apiv2][body] GET https://firebase.googleapis.com/v1beta1/projects/linkedin-clone-e41ea {"projectId":"linkedin-clone-e41ea","projectNumber":"229031236045","displayName":"Linkedin-Clone","name":"projects/linkedin-clone-e41ea","resources":{"hostingSite":"linkedin-clone-e41ea","storageBucket":"linkedin-clone-e41ea.appspot.com","locationId":"us-central"},"state":"ACTIVE","etag":"1_26d62e3c-d9b9-4f25-9453-244f2223015f"}
[info] 
[info] === Deploying to 'linkedin-clone-e41ea'...
[info] 
[info] i  deploying hosting 
[debug] [2023-06-11T10:17:06.296Z] >>> [apiv2][query] POST https://firebasehosting.googleapis.com/v1beta1/projects/-/sites/linkedin-clone-e41ea/versions [none]
[debug] [2023-06-11T10:17:06.297Z] >>> [apiv2][body] POST https://firebasehosting.googleapis.com/v1beta1/projects/-/sites/linkedin-clone-e41ea/versions {"status":"CREATED","labels":{"deployment-tool":"cli-firebase"}}
[debug] [2023-06-11T10:17:08.783Z] <<< [apiv2][status] POST https://firebasehosting.googleapis.com/v1beta1/projects/-/sites/linkedin-clone-e41ea/versions 200
[debug] [2023-06-11T10:17:08.784Z] <<< [apiv2][body] POST https://firebasehosting.googleapis.com/v1beta1/projects/-/sites/linkedin-clone-e41ea/versions {"name":"projects/229031236045/sites/linkedin-clone-e41ea/versions/574de34486e46274","status":"CREATED","config":{},"labels":{"deployment-tool":"cli-firebase"}}
[info] i  hosting[linkedin-clone-e41ea]: beginning deploy... 
[info] i  hosting[linkedin-clone-e41ea]: found 49 files in build 
[debug] [2023-06-11T10:17:08.822Z] [hosting] uploading with 200 concurrency
[debug] [2023-06-11T10:17:08.824Z] [hosting] hash cache [YnVpbGQ] not populated
[debug] [2023-06-11T10:17:10.459Z] [hosting] hash cache [YnVpbGQ] stored for 49 files
[debug] [2023-06-11T10:17:10.460Z] [hosting][hash queue][FINAL] {"max":1616,"min":531,"avg":568.3469387755104,"active":0,"complete":49,"success":49,"errored":0,"retried":0,"total":49,"elapsed":1634}
[debug] [2023-06-11T10:17:10.460Z] >>> [apiv2][query] POST https://firebasehosting.googleapis.com/v1beta1/projects/229031236045/sites/linkedin-clone-e41ea/versions/574de34486e46274:populateFiles [none]
[debug] [2023-06-11T10:17:10.461Z] >>> [apiv2][body] POST https://firebasehosting.googleapis.com/v1beta1/projects/229031236045/sites/linkedin-clone-e41ea/versions/574de34486e46274:populateFiles {"files":{"/asset-manifest.json":"05f92ab03fbec22328205b6d445499afae61ea7b8d27e08ee9152ae68af7b454","/index.html":"516dc6407227cd0d26df1e330b81a6fc1e4806a028f04951838b7cd53cff4da6","/logo192.png":"3ee59515172ee198f3be375979df15ac5345183e656720a381b8872b2a39dc8b","/manifest.json":"aff3449bdc238776f5d6d967f19ec491b36aed5fb7f23ccff6500736fd58494a","/favicon.ico":"eae62e993eb980ec8a25058c39d5a51feab118bd2100c4deebb2a9c158ec11f9","/logo512.png":"ee7e2f3fdb8209c4b6fd7bef6ba50d1b9dba30a25bb5c3126df057e1cb6f5331","/robots.txt":"bfe106a3fb878dc83461c86818bf74fc1bdc7f28538ba613cd3e775516ce8b49","/images/article-icon.svg":"6a0de46e8acd5fa4cbe7465557cca8704a7d31f33f0fdd175a111d0c48957565","/images/card-bg.svg":"5a94de20bdfeecacc33de825a3a7021b0f9e3fd3941e02a20f356b25b5bf0b0a","/images/comment-icon.svg":"53d9fb662aecb78fa63cfcea38592a8fad742a40fc0eca95b6349e37cf63fbff","/images/ellipses.svg":"19415514ebcb9714d4fa95508e335b4566b80774a21be91f1abb39f1f3a31575","/images/feed-icon.svg":"31dd304f07971592841f09713861bde0695b3fda1b5caf551470b0ddc4c69c30","/images/close-icon.svg":"757c1d114fc6d28be5393c59ea32ca10e06442ade105d9c3abecc4dc039f129e","/images/google.svg":"c713ed2d9cb0dc016ee87fec2ad6ad85f3fda3e62ae31c4d30d4650f1d55b79f","/images/down-icon.svg":"0774a7e826a27e667089549c4b5b682fb08ed5b2fac68eb6f6b74605ee31a6c9","/images/item-icon.svg":"e22c1f9bc899346aa03775dec930b5a1f9285136380f4ad49ffc0c71b57b7848","/images/home-logo.svg":"9f97cf13b78a73d077c223d4994def49e2ebcd2392dcc038aab4f37d77e9fe63","/images/linkedin.png":"619daa7bd922d039a01c1b3b020a2fd32486c3090385e7b0ddd11a2fa28fca68","/images/event-icon.svg":"7e9e7d97c062bf5725dedeaff77c7dc1b70dbe088d7d76704d0f60ea97523ca2","/images/like-icon.svg":"dcb57aeb7b0a36382cda5b3ca3526b17abb0b6b5048b55ec1b1bf59e3e5f51c6","/images/nav-home.svg":"b10e17db82298fcf2dd11f66da4e12043623d98f63f9cea1bc7842f17c3c491d","/images/login-logo.svg":"a95436fde73b5ad107078aac9e34c4ac452db9e3c4768a64c4e56a01b200a5a0","/images/nav-jobs.svg":"5bc4ad0456d1b3c2adb20554e8774d2f1774580dc59c253dfa2149894e099e25","/images/nav-messaging.svg":"e6151ab5510d534f8128ce8c607294cf5f5517200792c0ef30f73fc4d56df09e","/images/nav-network.svg":"0a7266a3b91a2d7cc362ce089a40bfb67ead4ec858abeb1e284c026f1edd0cc7","/images/nav-notifications.svg":"7638ec0fc44018ce66e063dfe5de5c61f27cc9d754584282999f079a325e8efa","/images/login-hero.svg":"3270b6d782e4f74e39c77aac58b88888327e3981484f3d8a315ed932137f80aa","/images/nav-work.svg":"5580ff4f733aa48a217ebb21e12de0e9ffeba5792cd20c6fcccbd2498740a634","/images/photo.svg":"b7b3b9e95263b0d46ea817e11ee58491c2e40e3cc1eb9c7c570f91f26e5f6079","/images/search-icon.svg":"ceea1f67fbfdd78f407c6cba0b784b259cdb79ca6dbfc4361c0e63b86814ef4b","/images/plus-icon.svg":"9b14709d46047dc9215ee2029a64bcf7c3a969f8a7c44c1573abb6d53fd08e89","/images/right-icon.svg":"155527dbd3b8080009614ce4bd3445c18e8e4dd162b8d974ca2f8606cafe9b9a","/images/photo-icon.svg":"cc6be15b7c37def34fa9cc144a2fadc49aea1998a9f521b3cfd87b3c8c501446","/images/share-comment.svg":"10542da7b2ee9242fe396b7094744d1c925cb637b6410ad2d8270ed71281afc2","/images/share-icon.svg":"6aa29c6db5af696eb639a0c8167e3906290df3d93dac7ac9eb97b865513055bd","/images/share-video.svg":"53cc4fa0d5189fb2a523b12650a568d618531e8a3249a6eada7fc78edfa14e33","/images/spin-loader.gif":"8c9f1cbfe72c05549e7fc2b0f2b0cb7a53134209688362bb3f4bc5755d18146a","/static/css/main.29925316.css":"69d1a226a368d3552507a17f181862071a0a866298961de9150e37922635a81e","/static/css/main.29925316.css.map":"1f2a81ae118bc538454d21f0023f7e56282ac36d9a340b953474f1183d38df3a","/static/js/main.870abd21.js.LICENSE.txt":"ec435030d70e99683a6b999561c46b55f169735c5a9fd2734b97f1730e172e1b","/images/send-icon.svg":"54120820a82df877b307f2b22189ac717aae2aa6b13bfe1aae09a577bbba6fe3","/images/video-icon.svg":"ba03b4e777f180692784cf6f48d0e99a87feea2631262ee788585919c377a195","/images/jobs.JPG":"0974affcd5f79dbda2476fe9f3afc7dfb6848e38dc883086ef665c94394534a4","/images/share-image.svg":"9281577af022a8971925874be943c318d25a2c0da4db81cae836ed2dd936fa43","/images/user.svg":"b5015540f8b925492e8db5fc7fc28052eb717cfcc5102912ce885880c47cf445","/images/widget-icon.svg":"b790797b91bae04403378e2264cc86801bae323321fc42b2fcbf9d2f5d5a8d8b","/images/shared-image.jpg":"66737b0bb2e4ca95e064597d84d8190da4dff3aacdcf74f309be42b2250b4101","/static/js/main.870abd21.js":"1783f7f1231c6b75e09572ab90e01b33dcbced6f4f75fcb9067daedd1a55e3d6","/static/js/main.870abd21.js.map":"2e15d8772a3168139e40f5956cd342f6337b943a35db544866e63469d0242f0b"}}
[debug] [2023-06-11T10:17:12.494Z] <<< [apiv2][status] POST https://firebasehosting.googleapis.com/v1beta1/projects/229031236045/sites/linkedin-clone-e41ea/versions/574de34486e46274:populateFiles 200
[debug] [2023-06-11T10:17:12.495Z] <<< [apiv2][body] POST https://firebasehosting.googleapis.com/v1beta1/projects/229031236045/sites/linkedin-clone-e41ea/versions/574de34486e46274:populateFiles {"uploadRequiredHashes":["6aa29c6db5af696eb639a0c8167e3906290df3d93dac7ac9eb97b865513055bd","9281577af022a8971925874be943c318d25a2c0da4db81cae836ed2dd936fa43","7638ec0fc44018ce66e063dfe5de5c61f27cc9d754584282999f079a325e8efa","7e9e7d97c062bf5725dedeaff77c7dc1b70dbe088d7d76704d0f60ea97523ca2","0a7266a3b91a2d7cc362ce089a40bfb67ead4ec858abeb1e284c026f1edd0cc7","bfe106a3fb878dc83461c86818bf74fc1bdc7f28538ba613cd3e775516ce8b49","aff3449bdc238776f5d6d967f19ec491b36aed5fb7f23ccff6500736fd58494a","155527dbd3b8080009614ce4bd3445c18e8e4dd162b8d974ca2f8606cafe9b9a","9f97cf13b78a73d077c223d4994def49e2ebcd2392dcc038aab4f37d77e9fe63","dcb57aeb7b0a36382cda5b3ca3526b17abb0b6b5048b55ec1b1bf59e3e5f51c6","2e15d8772a3168139e40f5956cd342f6337b943a35db544866e63469d0242f0b","5580ff4f733aa48a217ebb21e12de0e9ffeba5792cd20c6fcccbd2498740a634","619daa7bd922d039a01c1b3b020a2fd32486c3090385e7b0ddd11a2fa28fca68","b10e17db82298fcf2dd11f66da4e12043623d98f63f9cea1bc7842f17c3c491d","53d9fb662aecb78fa63cfcea38592a8fad742a40fc0eca95b6349e37cf63fbff","66737b0bb2e4ca95e064597d84d8190da4dff3aacdcf74f309be42b2250b4101","10542da7b2ee9242fe396b7094744d1c925cb637b6410ad2d8270ed71281afc2","54120820a82df877b307f2b22189ac717aae2aa6b13bfe1aae09a577bbba6fe3","05f92ab03fbec22328205b6d445499afae61ea7b8d27e08ee9152ae68af7b454","1783f7f1231c6b75e09572ab90e01b33dcbced6f4f75fcb9067daedd1a55e3d6","5a94de20bdfeecacc33de825a3a7021b0f9e3fd3941e02a20f356b25b5bf0b0a","c713ed2d9cb0dc016ee87fec2ad6ad85f3fda3e62ae31c4d30d4650f1d55b79f","e6151ab5510d534f8128ce8c607294cf5f5517200792c0ef30f73fc4d56df09e","6a0de46e8acd5fa4cbe7465557cca8704a7d31f33f0fdd175a111d0c48957565","cc6be15b7c37def34fa9cc144a2fadc49aea1998a9f521b3cfd87b3c8c501446","b790797b91bae04403378e2264cc86801bae323321fc42b2fcbf9d2f5d5a8d8b","516dc6407227cd0d26df1e330b81a6fc1e4806a028f04951838b7cd53cff4da6","53cc4fa0d5189fb2a523b12650a568d618531e8a3249a6eada7fc78edfa14e33","9b14709d46047dc9215ee2029a64bcf7c3a969f8a7c44c1573abb6d53fd08e89","ba03b4e777f180692784cf6f48d0e99a87feea2631262ee788585919c377a195","19415514ebcb9714d4fa95508e335b4566b80774a21be91f1abb39f1f3a31575","b7b3b9e95263b0d46ea817e11ee58491c2e40e3cc1eb9c7c570f91f26e5f6079","69d1a226a368d3552507a17f181862071a0a866298961de9150e37922635a81e","a95436fde73b5ad107078aac9e34c4ac452db9e3c4768a64c4e56a01b200a5a0","3ee59515172ee198f3be375979df15ac5345183e656720a381b8872b2a39dc8b","ee7e2f3fdb8209c4b6fd7bef6ba50d1b9dba30a25bb5c3126df057e1cb6f5331","b5015540f8b925492e8db5fc7fc28052eb717cfcc5102912ce885880c47cf445","757c1d114fc6d28be5393c59ea32ca10e06442ade105d9c3abecc4dc039f129e","eae62e993eb980ec8a25058c39d5a51feab118bd2100c4deebb2a9c158ec11f9","1f2a81ae118bc538454d21f0023f7e56282ac36d9a340b953474f1183d38df3a","ceea1f67fbfdd78f407c6cba0b784b259cdb79ca6dbfc4361c0e63b86814ef4b","5bc4ad0456d1b3c2adb20554e8774d2f1774580dc59c253dfa2149894e099e25","31dd304f07971592841f09713861bde0695b3fda1b5caf551470b0ddc4c69c30","0774a7e826a27e667089549c4b5b682fb08ed5b2fac68eb6f6b74605ee31a6c9","e22c1f9bc899346aa03775dec930b5a1f9285136380f4ad49ffc0c71b57b7848","0974affcd5f79dbda2476fe9f3afc7dfb6848e38dc883086ef665c94394534a4","8c9f1cbfe72c05549e7fc2b0f2b0cb7a53134209688362bb3f4bc5755d18146a","ec435030d70e99683a6b999561c46b55f169735c5a9fd2734b97f1730e172e1b","3270b6d782e4f74e39c77aac58b88888327e3981484f3d8a315ed932137f80aa"],"uploadUrl":"https://upload-firebasehosting.googleapis.com/upload/sites/linkedin-clone-e41ea/versions/574de34486e46274/files"}
[debug] [2023-06-11T10:17:12.518Z] >>> [apiv2][query] POST https://upload-firebasehosting.googleapis.com/upload/sites/linkedin-clone-e41ea/versions/574de34486e46274/files/6aa29c6db5af696eb639a0c8167e3906290df3d93dac7ac9eb97b865513055bd [none]
[debug] [2023-06-11T10:17:12.518Z] >>> [apiv2][body] POST https://upload-firebasehosting.googleapis.com/upload/sites/linkedin-clone-e41ea/versions/574de34486e46274/files/6aa29c6db5af696eb639a0c8167e3906290df3d93dac7ac9eb97b865513055bd [stream]
[debug] [2023-06-11T10:17:12.521Z] >>> [apiv2][query] POST https://upload-firebasehosting.googleapis.com/upload/sites/linkedin-clone-e41ea/versions/574de34486e46274/files/9281577af022a8971925874be943c318d25a2c0da4db81cae836ed2dd936fa43 [none]
[debug] [2023-06-11T10:17:12.521Z] >>> [apiv2][body] POST https://upload-firebasehosting.googleapis.com/upload/sites/linkedin-clone-e41ea/versions/574de34486e46274/files/9281577af022a8971925874be943c318d25a2c0da4db81cae836ed2dd936fa43 [stream]
[debug] [2023-06-11T10:17:12.523Z] >>> [apiv2][query] POST https://upload-firebasehosting.googleapis.com/upload/sites/linkedin-clone-e41ea/versions/574de34486e46274/files/7638ec0fc44018ce66e063dfe5de5c61f27cc9d754584282999f079a325e8efa [none]
[debug] [2023-06-11T10:17:12.523Z] >>> [apiv2][body] POST https://upload-firebasehosting.googleapis.com/upload/sites/linkedin-clone-e41ea/versions/574de34486e46274/files/7638ec0fc44018ce66e063dfe5de5c61f27cc9d754584282999f079a325e8efa [stream]
[debug] [2023-06-11T10:17:12.525Z] >>> [apiv2][query] POST https://upload-firebasehosting.googleapis.com/upload/sites/linkedin-clone-e41ea/versions/574de34486e46274/files/7e9e7d97c062bf5725dedeaff77c7dc1b70dbe088d7d76704d0f60ea97523ca2 [none]
[debug] [2023-06-11T10:17:12.525Z] >>> [apiv2][body] POST https://upload-firebasehosting.googleapis.com/upload/sites/linkedin-clone-e41ea/versions/574de34486e46274/files/7e9e7d97c062bf5725dedeaff77c7dc1b70dbe088d7d76704d0f60ea97523ca2 [stream]
[debug] [2023-06-11T10:17:12.526Z] >>> [apiv2][query] POST https://upload-firebasehosting.googleapis.com/upload/sites/linkedin-clone-e41ea/versions/574de34486e46274/files/0a7266a3b91a2d7cc362ce089a40bfb67ead4ec858abeb1e284c026f1edd0cc7 [none]
[debug] [2023-06-11T10:17:12.526Z] >>> [apiv2][body] POST https://upload-firebasehosting.googleapis.com/upload/sites/linkedin-clone-e41ea/versions/574de34486e46274/files/0a7266a3b91a2d7cc362ce089a40bfb67ead4ec858abeb1e284c026f1edd0cc7 [stream]
[debug] [2023-06-11T10:17:12.529Z] >>> [apiv2][query] POST https://upload-firebasehosting.googleapis.com/upload/sites/linkedin-clone-e41ea/versions/574de34486e46274/files/bfe106a3fb878dc83461c86818bf74fc1bdc7f28538ba613cd3e775516ce8b49 [none]
[debug] [2023-06-11T10:17:12.529Z] >>> [apiv2][body] POST https://upload-firebasehosting.googleapis.com/upload/sites/linkedin-clone-e41ea/versions/574de34486e46274/files/bfe106a3fb878dc83461c86818bf74fc1bdc7f28538ba613cd3e775516ce8b49 [stream]
[debug] [2023-06-11T10:17:12.531Z] >>> [apiv2][query] POST https://upload-firebasehosting.googleapis.com/upload/sites/linkedin-clone-e41ea/versions/574de34486e46274/files/aff3449bdc238776f5d6d967f19ec491b36aed5fb7f23ccff6500736fd58494a [none]
[debug] [2023-06-11T10:17:12.531Z] >>> [apiv2][body] POST https://upload-firebasehosting.googleapis.com/upload/sites/linkedin-clone-e41ea/versions/574de34486e46274/files/aff3449bdc238776f5d6d967f19ec491b36aed5fb7f23ccff6500736fd58494a [stream]
[debug] [2023-06-11T10:17:12.533Z] >>> [apiv2][query] POST https://upload-firebasehosting.googleapis.com/upload/sites/linkedin-clone-e41ea/versions/574de34486e46274/files/155527dbd3b8080009614ce4bd3445c18e8e4dd162b8d974ca2f8606cafe9b9a [none]
[debug] [2023-06-11T10:17:12.533Z] >>> [apiv2][body] POST https://upload-firebasehosting.googleapis.com/upload/sites/linkedin-clone-e41ea/versions/574de34486e46274/files/155527dbd3b8080009614ce4bd3445c18e8e4dd162b8d974ca2f8606cafe9b9a [stream]
[debug] [2023-06-11T10:17:12.535Z] >>> [apiv2][query] POST https://upload-firebasehosting.googleapis.com/upload/sites/linkedin-clone-e41ea/versions/574de34486e46274/files/9f97cf13b78a73d077c223d4994def49e2ebcd2392dcc038aab4f37d77e9fe63 [none]
[debug] [2023-06-11T10:17:12.536Z] >>> [apiv2][body] POST https://upload-firebasehosting.googleapis.com/upload/sites/linkedin-clone-e41ea/versions/574de34486e46274/files/9f97cf13b78a73d077c223d4994def49e2ebcd2392dcc038aab4f37d77e9fe63 [stream]
[debug] [2023-06-11T10:17:12.537Z] >>> [apiv2][query] POST https://upload-firebasehosting.googleapis.com/upload/sites/linkedin-clone-e41ea/versions/574de34486e46274/files/dcb57aeb7b0a36382cda5b3ca3526b17abb0b6b5048b55ec1b1bf59e3e5f51c6 [none]
[debug] [2023-06-11T10:17:12.537Z] >>> [apiv2][body] POST https://upload-firebasehosting.googleapis.com/upload/sites/linkedin-clone-e41ea/versions/574de34486e46274/files/dcb57aeb7b0a36382cda5b3ca3526b17abb0b6b5048b55ec1b1bf59e3e5f51c6 [stream]
[debug] [2023-06-11T10:17:12.538Z] >>> [apiv2][query] POST https://upload-firebasehosting.googleapis.com/upload/sites/linkedin-clone-e41ea/versions/574de34486e46274/files/2e15d8772a3168139e40f5956cd342f6337b943a35db544866e63469d0242f0b [none]
[debug] [2023-06-11T10:17:12.538Z] >>> [apiv2][body] POST https://upload-firebasehosting.googleapis.com/upload/sites/linkedin-clone-e41ea/versions/574de34486e46274/files/2e15d8772a3168139e40f5956cd342f6337b943a35db544866e63469d0242f0b [stream]
[debug] [2023-06-11T10:17:12.540Z] >>> [apiv2][query] POST https://upload-firebasehosting.googleapis.com/upload/sites/linkedin-clone-e41ea/versions/574de34486e46274/files/5580ff4f733aa48a217ebb21e12de0e9ffeba5792cd20c6fcccbd2498740a634 [none]
[debug] [2023-06-11T10:17:12.540Z] >>> [apiv2][body] POST https://upload-firebasehosting.googleapis.com/upload/sites/linkedin-clone-e41ea/versions/574de34486e46274/files/5580ff4f733aa48a217ebb21e12de0e9ffeba5792cd20c6fcccbd2498740a634 [stream]
[debug] [2023-06-11T10:17:12.541Z] >>> [apiv2][query] POST https://upload-firebasehosting.googleapis.com/upload/sites/linkedin-clone-e41ea/versions/574de34486e46274/files/619daa7bd922d039a01c1b3b020a2fd32486c3090385e7b0ddd11a2fa28fca68 [none]
[debug] [2023-06-11T10:17:12.541Z] >>> [apiv2][body] POST https://upload-firebasehosting.googleapis.com/upload/sites/linkedin-clone-e41ea/versions/574de34486e46274/files/619daa7bd922d039a01c1b3b020a2fd32486c3090385e7b0ddd11a2fa28fca68 [stream]
[debug] [2023-06-11T10:17:12.542Z] >>> [apiv2][query] POST https://upload-firebasehosting.googleapis.com/upload/sites/linkedin-clone-e41ea/versions/574de34486e46274/files/b10e17db82298fcf2dd11f66da4e12043623d98f63f9cea1bc7842f17c3c491d [none]
[debug] [2023-06-11T10:17:12.542Z] >>> [apiv2][body] POST https://upload-firebasehosting.googleapis.com/upload/sites/linkedin-clone-e41ea/versions/574de34486e46274/files/b10e17db82298fcf2dd11f66da4e12043623d98f63f9cea1bc7842f17c3c491d [stream]
[debug] [2023-06-11T10:17:12.543Z] >>> [apiv2][query] POST https://upload-firebasehosting.googleapis.com/upload/sites/linkedin-clone-e41ea/versions/574de34486e46274/files/53d9fb662aecb78fa63cfcea38592a8fad742a40fc0eca95b6349e37cf63fbff [none]
[debug] [2023-06-11T10:17:12.543Z] >>> [apiv2][body] POST https://upload-firebasehosting.googleapis.com/upload/sites/linkedin-clone-e41ea/versions/574de34486e46274/files/53d9fb662aecb78fa63cfcea38592a8fad742a40fc0eca95b6349e37cf63fbff [stream]
[debug] [2023-06-11T10:17:12.544Z] >>> [apiv2][query] POST https://upload-firebasehosting.googleapis.com/upload/sites/linkedin-clone-e41ea/versions/574de34486e46274/files/66737b0bb2e4ca95e064597d84d8190da4dff3aacdcf74f309be42b2250b4101 [none]
[debug] [2023-06-11T10:17:12.544Z] >>> [apiv2][body] POST https://upload-firebasehosting.googleapis.com/upload/sites/linkedin-clone-e41ea/versions/574de34486e46274/files/66737b0bb2e4ca95e064597d84d8190da4dff3aacdcf74f309be42b2250b4101 [stream]
[debug] [2023-06-11T10:17:12.546Z] >>> [apiv2][query] POST https://upload-firebasehosting.googleapis.com/upload/sites/linkedin-clone-e41ea/versions/574de34486e46274/files/10542da7b2ee9242fe396b7094744d1c925cb637b6410ad2d8270ed71281afc2 [none]
[debug] [2023-06-11T10:17:12.546Z] >>> [apiv2][body] POST https://upload-firebasehosting.googleapis.com/upload/sites/linkedin-clone-e41ea/versions/574de34486e46274/files/10542da7b2ee9242fe396b7094744d1c925cb637b6410ad2d8270ed71281afc2 [stream]
[debug] [2023-06-11T10:17:12.548Z] >>> [apiv2][query] POST https://upload-firebasehosting.googleapis.com/upload/sites/linkedin-clone-e41ea/versions/574de34486e46274/files/54120820a82df877b307f2b22189ac717aae2aa6b13bfe1aae09a577bbba6fe3 [none]
[debug] [2023-06-11T10:17:12.548Z] >>> [apiv2][body] POST https://upload-firebasehosting.googleapis.com/upload/sites/linkedin-clone-e41ea/versions/574de34486e46274/files/54120820a82df877b307f2b22189ac717aae2aa6b13bfe1aae09a577bbba6fe3 [stream]
[debug] [2023-06-11T10:17:12.550Z] >>> [apiv2][query] POST https://upload-firebasehosting.googleapis.com/upload/sites/linkedin-clone-e41ea/versions/574de34486e46274/files/05f92ab03fbec22328205b6d445499afae61ea7b8d27e08ee9152ae68af7b454 [none]
[debug] [2023-06-11T10:17:12.550Z] >>> [apiv2][body] POST https://upload-firebasehosting.googleapis.com/upload/sites/linkedin-clone-e41ea/versions/574de34486e46274/files/05f92ab03fbec22328205b6d445499afae61ea7b8d27e08ee9152ae68af7b454 [stream]
[debug] [2023-06-11T10:17:12.552Z] >>> [apiv2][query] POST https://upload-firebasehosting.googleapis.com/upload/sites/linkedin-clone-e41ea/versions/574de34486e46274/files/1783f7f1231c6b75e09572ab90e01b33dcbced6f4f75fcb9067daedd1a55e3d6 [none]
[debug] [2023-06-11T10:17:12.552Z] >>> [apiv2][body] POST https://upload-firebasehosting.googleapis.com/upload/sites/linkedin-clone-e41ea/versions/574de34486e46274/files/1783f7f1231c6b75e09572ab90e01b33dcbced6f4f75fcb9067daedd1a55e3d6 [stream]
[debug] [2023-06-11T10:17:12.553Z] >>> [apiv2][query] POST https://upload-firebasehosting.googleapis.com/upload/sites/linkedin-clone-e41ea/versions/574de34486e46274/files/5a94de20bdfeecacc33de825a3a7021b0f9e3fd3941e02a20f356b25b5bf0b0a [none]
[debug] [2023-06-11T10:17:12.553Z] >>> [apiv2][body] POST https://upload-firebasehosting.googleapis.com/upload/sites/linkedin-clone-e41ea/versions/574de34486e46274/files/5a94de20bdfeecacc33de825a3a7021b0f9e3fd3941e02a20f356b25b5bf0b0a [stream]
[debug] [2023-06-11T10:17:12.555Z] >>> [apiv2][query] POST https://upload-firebasehosting.googleapis.com/upload/sites/linkedin-clone-e41ea/versions/574de34486e46274/files/c713ed2d9cb0dc016ee87fec2ad6ad85f3fda3e62ae31c4d30d4650f1d55b79f [none]
[debug] [2023-06-11T10:17:12.555Z] >>> [apiv2][body] POST https://upload-firebasehosting.googleapis.com/upload/sites/linkedin-clone-e41ea/versions/574de34486e46274/files/c713ed2d9cb0dc016ee87fec2ad6ad85f3fda3e62ae31c4d30d4650f1d55b79f [stream]
[debug] [2023-06-11T10:17:12.556Z] >>> [apiv2][query] POST https://upload-firebasehosting.googleapis.com/upload/sites/linkedin-clone-e41ea/versions/574de34486e46274/files/e6151ab5510d534f8128ce8c607294cf5f5517200792c0ef30f73fc4d56df09e [none]
[debug] [2023-06-11T10:17:12.556Z] >>> [apiv2][body] POST https://upload-firebasehosting.googleapis.com/upload/sites/linkedin-clone-e41ea/versions/574de34486e46274/files/e6151ab5510d534f8128ce8c607294cf5f5517200792c0ef30f73fc4d56df09e [stream]
[debug] [2023-06-11T10:17:12.557Z] >>> [apiv2][query] POST https://upload-firebasehosting.googleapis.com/upload/sites/linkedin-clone-e41ea/versions/574de34486e46274/files/6a0de46e8acd5fa4cbe7465557cca8704a7d31f33f0fdd175a111d0c48957565 [none]
[debug] [2023-06-11T10:17:12.557Z] >>> [apiv2][body] POST https://upload-firebasehosting.googleapis.com/upload/sites/linkedin-clone-e41ea/versions/574de34486e46274/files/6a0de46e8acd5fa4cbe7465557cca8704a7d31f33f0fdd175a111d0c48957565 [stream]
[debug] [2023-06-11T10:17:12.558Z] >>> [apiv2][query] POST https://upload-firebasehosting.googleapis.com/upload/sites/linkedin-clone-e41ea/versions/574de34486e46274/files/cc6be15b7c37def34fa9cc144a2fadc49aea1998a9f521b3cfd87b3c8c501446 [none]
[debug] [2023-06-11T10:17:12.558Z] >>> [apiv2][body] POST https://upload-firebasehosting.googleapis.com/upload/sites/linkedin-clone-e41ea/versions/574de34486e46274/files/cc6be15b7c37def34fa9cc144a2fadc49aea1998a9f521b3cfd87b3c8c501446 [stream]
[debug] [2023-06-11T10:17:12.560Z] >>> [apiv2][query] POST https://upload-firebasehosting.googleapis.com/upload/sites/linkedin-clone-e41ea/versions/574de34486e46274/files/b790797b91bae04403378e2264cc86801bae323321fc42b2fcbf9d2f5d5a8d8b [none]
[debug] [2023-06-11T10:17:12.560Z] >>> [apiv2][body] POST https://upload-firebasehosting.googleapis.com/upload/sites/linkedin-clone-e41ea/versions/574de34486e46274/files/b790797b91bae04403378e2264cc86801bae323321fc42b2fcbf9d2f5d5a8d8b [stream]
[debug] [2023-06-11T10:17:12.561Z] >>> [apiv2][query] POST https://upload-firebasehosting.googleapis.com/upload/sites/linkedin-clone-e41ea/versions/574de34486e46274/files/516dc6407227cd0d26df1e330b81a6fc1e4806a028f04951838b7cd53cff4da6 [none]
[debug] [2023-06-11T10:17:12.561Z] >>> [apiv2][body] POST https://upload-firebasehosting.googleapis.com/upload/sites/linkedin-clone-e41ea/versions/574de34486e46274/files/516dc6407227cd0d26df1e330b81a6fc1e4806a028f04951838b7cd53cff4da6 [stream]
[debug] [2023-06-11T10:17:12.562Z] >>> [apiv2][query] POST https://upload-firebasehosting.googleapis.com/upload/sites/linkedin-clone-e41ea/versions/574de34486e46274/files/53cc4fa0d5189fb2a523b12650a568d618531e8a3249a6eada7fc78edfa14e33 [none]
[debug] [2023-06-11T10:17:12.562Z] >>> [apiv2][body] POST https://upload-firebasehosting.googleapis.com/upload/sites/linkedin-clone-e41ea/versions/574de34486e46274/files/53cc4fa0d5189fb2a523b12650a568d618531e8a3249a6eada7fc78edfa14e33 [stream]
[debug] [2023-06-11T10:17:12.563Z] >>> [apiv2][query] POST https://upload-firebasehosting.googleapis.com/upload/sites/linkedin-clone-e41ea/versions/574de34486e46274/files/9b14709d46047dc9215ee2029a64bcf7c3a969f8a7c44c1573abb6d53fd08e89 [none]
[debug] [2023-06-11T10:17:12.563Z] >>> [apiv2][body] POST https://upload-firebasehosting.googleapis.com/upload/sites/linkedin-clone-e41ea/versions/574de34486e46274/files/9b14709d46047dc9215ee2029a64bcf7c3a969f8a7c44c1573abb6d53fd08e89 [stream]
[debug] [2023-06-11T10:17:12.565Z] >>> [apiv2][query] POST https://upload-firebasehosting.googleapis.com/upload/sites/linkedin-clone-e41ea/versions/574de34486e46274/files/ba03b4e777f180692784cf6f48d0e99a87feea2631262ee788585919c377a195 [none]
[debug] [2023-06-11T10:17:12.565Z] >>> [apiv2][body] POST https://upload-firebasehosting.googleapis.com/upload/sites/linkedin-clone-e41ea/versions/574de34486e46274/files/ba03b4e777f180692784cf6f48d0e99a87feea2631262ee788585919c377a195 [stream]
[debug] [2023-06-11T10:17:12.566Z] >>> [apiv2][query] POST https://upload-firebasehosting.googleapis.com/upload/sites/linkedin-clone-e41ea/versions/574de34486e46274/files/19415514ebcb9714d4fa95508e335b4566b80774a21be91f1abb39f1f3a31575 [none]
[debug] [2023-06-11T10:17:12.566Z] >>> [apiv2][body] POST https://upload-firebasehosting.googleapis.com/upload/sites/linkedin-clone-e41ea/versions/574de34486e46274/files/19415514ebcb9714d4fa95508e335b4566b80774a21be91f1abb39f1f3a31575 [stream]
[debug] [2023-06-11T10:17:12.568Z] >>> [apiv2][query] POST https://upload-firebasehosting.googleapis.com/upload/sites/linkedin-clone-e41ea/versions/574de34486e46274/files/b7b3b9e95263b0d46ea817e11ee58491c2e40e3cc1eb9c7c570f91f26e5f6079 [none]
[debug] [2023-06-11T10:17:12.568Z] >>> [apiv2][body] POST https://upload-firebasehosting.googleapis.com/upload/sites/linkedin-clone-e41ea/versions/574de34486e46274/files/b7b3b9e95263b0d46ea817e11ee58491c2e40e3cc1eb9c7c570f91f26e5f6079 [stream]
[debug] [2023-06-11T10:17:12.569Z] >>> [apiv2][query] POST https://upload-firebasehosting.googleapis.com/upload/sites/linkedin-clone-e41ea/versions/574de34486e46274/files/69d1a226a368d3552507a17f181862071a0a866298961de9150e37922635a81e [none]
[debug] [2023-06-11T10:17:12.569Z] >>> [apiv2][body] POST https://upload-firebasehosting.googleapis.com/upload/sites/linkedin-clone-e41ea/versions/574de34486e46274/files/69d1a226a368d3552507a17f181862071a0a866298961de9150e37922635a81e [stream]
[debug] [2023-06-11T10:17:12.571Z] >>> [apiv2][query] POST https://upload-firebasehosting.googleapis.com/upload/sites/linkedin-clone-e41ea/versions/574de34486e46274/files/a95436fde73b5ad107078aac9e34c4ac452db9e3c4768a64c4e56a01b200a5a0 [none]
[debug] [2023-06-11T10:17:12.571Z] >>> [apiv2][body] POST https://upload-firebasehosting.googleapis.com/upload/sites/linkedin-clone-e41ea/versions/574de34486e46274/files/a95436fde73b5ad107078aac9e34c4ac452db9e3c4768a64c4e56a01b200a5a0 [stream]
[debug] [2023-06-11T10:17:12.572Z] >>> [apiv2][query] POST https://upload-firebasehosting.googleapis.com/upload/sites/linkedin-clone-e41ea/versions/574de34486e46274/files/3ee59515172ee198f3be375979df15ac5345183e656720a381b8872b2a39dc8b [none]
[debug] [2023-06-11T10:17:12.572Z] >>> [apiv2][body] POST https://upload-firebasehosting.googleapis.com/upload/sites/linkedin-clone-e41ea/versions/574de34486e46274/files/3ee59515172ee198f3be375979df15ac5345183e656720a381b8872b2a39dc8b [stream]
[debug] [2023-06-11T10:17:12.573Z] >>> [apiv2][query] POST https://upload-firebasehosting.googleapis.com/upload/sites/linkedin-clone-e41ea/versions/574de34486e46274/files/ee7e2f3fdb8209c4b6fd7bef6ba50d1b9dba30a25bb5c3126df057e1cb6f5331 [none]
[debug] [2023-06-11T10:17:12.573Z] >>> [apiv2][body] POST https://upload-firebasehosting.googleapis.com/upload/sites/linkedin-clone-e41ea/versions/574de34486e46274/files/ee7e2f3fdb8209c4b6fd7bef6ba50d1b9dba30a25bb5c3126df057e1cb6f5331 [stream]
[debug] [2023-06-11T10:17:12.574Z] >>> [apiv2][query] POST https://upload-firebasehosting.googleapis.com/upload/sites/linkedin-clone-e41ea/versions/574de34486e46274/files/b5015540f8b925492e8db5fc7fc28052eb717cfcc5102912ce885880c47cf445 [none]
[debug] [2023-06-11T10:17:12.574Z] >>> [apiv2][body] POST https://upload-firebasehosting.googleapis.com/upload/sites/linkedin-clone-e41ea/versions/574de34486e46274/files/b5015540f8b925492e8db5fc7fc28052eb717cfcc5102912ce885880c47cf445 [stream]
[debug] [2023-06-11T10:17:12.575Z] >>> [apiv2][query] POST https://upload-firebasehosting.googleapis.com/upload/sites/linkedin-clone-e41ea/versions/574de34486e46274/files/757c1d114fc6d28be5393c59ea32ca10e06442ade105d9c3abecc4dc039f129e [none]
[debug] [2023-06-11T10:17:12.575Z] >>> [apiv2][body] POST https://upload-firebasehosting.googleapis.com/upload/sites/linkedin-clone-e41ea/versions/574de34486e46274/files/757c1d114fc6d28be5393c59ea32ca10e06442ade105d9c3abecc4dc039f129e [stream]
[debug] [2023-06-11T10:17:12.576Z] >>> [apiv2][query] POST https://upload-firebasehosting.googleapis.com/upload/sites/linkedin-clone-e41ea/versions/574de34486e46274/files/eae62e993eb980ec8a25058c39d5a51feab118bd2100c4deebb2a9c158ec11f9 [none]
[debug] [2023-06-11T10:17:12.576Z] >>> [apiv2][body] POST https://upload-firebasehosting.googleapis.com/upload/sites/linkedin-clone-e41ea/versions/574de34486e46274/files/eae62e993eb980ec8a25058c39d5a51feab118bd2100c4deebb2a9c158ec11f9 [stream]
[debug] [2023-06-11T10:17:12.577Z] >>> [apiv2][query] POST https://upload-firebasehosting.googleapis.com/upload/sites/linkedin-clone-e41ea/versions/574de34486e46274/files/1f2a81ae118bc538454d21f0023f7e56282ac36d9a340b953474f1183d38df3a [none]
[debug] [2023-06-11T10:17:12.577Z] >>> [apiv2][body] POST https://upload-firebasehosting.googleapis.com/upload/sites/linkedin-clone-e41ea/versions/574de34486e46274/files/1f2a81ae118bc538454d21f0023f7e56282ac36d9a340b953474f1183d38df3a [stream]
[debug] [2023-06-11T10:17:12.578Z] >>> [apiv2][query] POST https://upload-firebasehosting.googleapis.com/upload/sites/linkedin-clone-e41ea/versions/574de34486e46274/files/ceea1f67fbfdd78f407c6cba0b784b259cdb79ca6dbfc4361c0e63b86814ef4b [none]
[debug] [2023-06-11T10:17:12.579Z] >>> [apiv2][body] POST https://upload-firebasehosting.googleapis.com/upload/sites/linkedin-clone-e41ea/versions/574de34486e46274/files/ceea1f67fbfdd78f407c6cba0b784b259cdb79ca6dbfc4361c0e63b86814ef4b [stream]
[debug] [2023-06-11T10:17:12.580Z] >>> [apiv2][query] POST https://upload-firebasehosting.googleapis.com/upload/sites/linkedin-clone-e41ea/versions/574de34486e46274/files/5bc4ad0456d1b3c2adb20554e8774d2f1774580dc59c253dfa2149894e099e25 [none]
[debug] [2023-06-11T10:17:12.580Z] >>> [apiv2][body] POST https://upload-firebasehosting.googleapis.com/upload/sites/linkedin-clone-e41ea/versions/574de34486e46274/files/5bc4ad0456d1b3c2adb20554e8774d2f1774580dc59c253dfa2149894e099e25 [stream]
[debug] [2023-06-11T10:17:12.581Z] >>> [apiv2][query] POST https://upload-firebasehosting.googleapis.com/upload/sites/linkedin-clone-e41ea/versions/574de34486e46274/files/31dd304f07971592841f09713861bde0695b3fda1b5caf551470b0ddc4c69c30 [none]
[debug] [2023-06-11T10:17:12.582Z] >>> [apiv2][body] POST https://upload-firebasehosting.googleapis.com/upload/sites/linkedin-clone-e41ea/versions/574de34486e46274/files/31dd304f07971592841f09713861bde0695b3fda1b5caf551470b0ddc4c69c30 [stream]
[debug] [2023-06-11T10:17:12.583Z] >>> [apiv2][query] POST https://upload-firebasehosting.googleapis.com/upload/sites/linkedin-clone-e41ea/versions/574de34486e46274/files/0774a7e826a27e667089549c4b5b682fb08ed5b2fac68eb6f6b74605ee31a6c9 [none]
[debug] [2023-06-11T10:17:12.584Z] >>> [apiv2][body] POST https://upload-firebasehosting.googleapis.com/upload/sites/linkedin-clone-e41ea/versions/574de34486e46274/files/0774a7e826a27e667089549c4b5b682fb08ed5b2fac68eb6f6b74605ee31a6c9 [stream]
[debug] [2023-06-11T10:17:12.585Z] >>> [apiv2][query] POST https://upload-firebasehosting.googleapis.com/upload/sites/linkedin-clone-e41ea/versions/574de34486e46274/files/e22c1f9bc899346aa03775dec930b5a1f9285136380f4ad49ffc0c71b57b7848 [none]
[debug] [2023-06-11T10:17:12.585Z] >>> [apiv2][body] POST https://upload-firebasehosting.googleapis.com/upload/sites/linkedin-clone-e41ea/versions/574de34486e46274/files/e22c1f9bc899346aa03775dec930b5a1f9285136380f4ad49ffc0c71b57b7848 [stream]
[debug] [2023-06-11T10:17:12.586Z] >>> [apiv2][query] POST https://upload-firebasehosting.googleapis.com/upload/sites/linkedin-clone-e41ea/versions/574de34486e46274/files/0974affcd5f79dbda2476fe9f3afc7dfb6848e38dc883086ef665c94394534a4 [none]
[debug] [2023-06-11T10:17:12.586Z] >>> [apiv2][body] POST https://upload-firebasehosting.googleapis.com/upload/sites/linkedin-clone-e41ea/versions/574de34486e46274/files/0974affcd5f79dbda2476fe9f3afc7dfb6848e38dc883086ef665c94394534a4 [stream]
[debug] [2023-06-11T10:17:12.587Z] >>> [apiv2][query] POST https://upload-firebasehosting.googleapis.com/upload/sites/linkedin-clone-e41ea/versions/574de34486e46274/files/8c9f1cbfe72c05549e7fc2b0f2b0cb7a53134209688362bb3f4bc5755d18146a [none]
[debug] [2023-06-11T10:17:12.587Z] >>> [apiv2][body] POST https://upload-firebasehosting.googleapis.com/upload/sites/linkedin-clone-e41ea/versions/574de34486e46274/files/8c9f1cbfe72c05549e7fc2b0f2b0cb7a53134209688362bb3f4bc5755d18146a [stream]
[debug] [2023-06-11T10:17:12.588Z] >>> [apiv2][query] POST https://upload-firebasehosting.googleapis.com/upload/sites/linkedin-clone-e41ea/versions/574de34486e46274/files/ec435030d70e99683a6b999561c46b55f169735c5a9fd2734b97f1730e172e1b [none]
[debug] [2023-06-11T10:17:12.588Z] >>> [apiv2][body] POST https://upload-firebasehosting.googleapis.com/upload/sites/linkedin-clone-e41ea/versions/574de34486e46274/files/ec435030d70e99683a6b999561c46b55f169735c5a9fd2734b97f1730e172e1b [stream]
[debug] [2023-06-11T10:17:12.589Z] >>> [apiv2][query] POST https://upload-firebasehosting.googleapis.com/upload/sites/linkedin-clone-e41ea/versions/574de34486e46274/files/3270b6d782e4f74e39c77aac58b88888327e3981484f3d8a315ed932137f80aa [none]
[debug] [2023-06-11T10:17:12.589Z] >>> [apiv2][body] POST https://upload-firebasehosting.googleapis.com/upload/sites/linkedin-clone-e41ea/versions/574de34486e46274/files/3270b6d782e4f74e39c77aac58b88888327e3981484f3d8a315ed932137f80aa [stream]
[debug] [2023-06-11T10:17:12.590Z] [hosting][populate queue][FINAL] {"max":2060,"min":2060,"avg":2060,"active":0,"complete":1,"success":1,"errored":0,"retried":0,"total":1,"elapsed":2133}
[debug] [2023-06-11T10:17:12.591Z] [hosting] uploads queued: 49
[debug] [2023-06-11T10:17:14.984Z] <<< [apiv2][status] POST https://upload-firebasehosting.googleapis.com/upload/sites/linkedin-clone-e41ea/versions/574de34486e46274/files/155527dbd3b8080009614ce4bd3445c18e8e4dd162b8d974ca2f8606cafe9b9a 200
[debug] [2023-06-11T10:17:14.985Z] <<< [apiv2][body] POST https://upload-firebasehosting.googleapis.com/upload/sites/linkedin-clone-e41ea/versions/574de34486e46274/files/155527dbd3b8080009614ce4bd3445c18e8e4dd162b8d974ca2f8606cafe9b9a [stream]
[debug] [2023-06-11T10:17:15.005Z] <<< [apiv2][status] POST https://upload-firebasehosting.googleapis.com/upload/sites/linkedin-clone-e41ea/versions/574de34486e46274/files/9281577af022a8971925874be943c318d25a2c0da4db81cae836ed2dd936fa43 200
[debug] [2023-06-11T10:17:15.005Z] <<< [apiv2][body] POST https://upload-firebasehosting.googleapis.com/upload/sites/linkedin-clone-e41ea/versions/574de34486e46274/files/9281577af022a8971925874be943c318d25a2c0da4db81cae836ed2dd936fa43 [stream]
[debug] [2023-06-11T10:17:15.015Z] <<< [apiv2][status] POST https://upload-firebasehosting.googleapis.com/upload/sites/linkedin-clone-e41ea/versions/574de34486e46274/files/bfe106a3fb878dc83461c86818bf74fc1bdc7f28538ba613cd3e775516ce8b49 200
[debug] [2023-06-11T10:17:15.015Z] <<< [apiv2][body] POST https://upload-firebasehosting.googleapis.com/upload/sites/linkedin-clone-e41ea/versions/574de34486e46274/files/bfe106a3fb878dc83461c86818bf74fc1bdc7f28538ba613cd3e775516ce8b49 [stream]
[debug] [2023-06-11T10:17:15.043Z] <<< [apiv2][status] POST https://upload-firebasehosting.googleapis.com/upload/sites/linkedin-clone-e41ea/versions/574de34486e46274/files/8c9f1cbfe72c05549e7fc2b0f2b0cb7a53134209688362bb3f4bc5755d18146a 200
[debug] [2023-06-11T10:17:15.044Z] <<< [apiv2][body] POST https://upload-firebasehosting.googleapis.com/upload/sites/linkedin-clone-e41ea/versions/574de34486e46274/files/8c9f1cbfe72c05549e7fc2b0f2b0cb7a53134209688362bb3f4bc5755d18146a [stream]
[debug] [2023-06-11T10:17:15.054Z] <<< [apiv2][status] POST https://upload-firebasehosting.googleapis.com/upload/sites/linkedin-clone-e41ea/versions/574de34486e46274/files/6aa29c6db5af696eb639a0c8167e3906290df3d93dac7ac9eb97b865513055bd 200
[debug] [2023-06-11T10:17:15.054Z] <<< [apiv2][body] POST https://upload-firebasehosting.googleapis.com/upload/sites/linkedin-clone-e41ea/versions/574de34486e46274/files/6aa29c6db5af696eb639a0c8167e3906290df3d93dac7ac9eb97b865513055bd [stream]
[debug] [2023-06-11T10:17:15.068Z] <<< [apiv2][status] POST https://upload-firebasehosting.googleapis.com/upload/sites/linkedin-clone-e41ea/versions/574de34486e46274/files/3270b6d782e4f74e39c77aac58b88888327e3981484f3d8a315ed932137f80aa 200
[debug] [2023-06-11T10:17:15.070Z] <<< [apiv2][body] POST https://upload-firebasehosting.googleapis.com/upload/sites/linkedin-clone-e41ea/versions/574de34486e46274/files/3270b6d782e4f74e39c77aac58b88888327e3981484f3d8a315ed932137f80aa [stream]
[debug] [2023-06-11T10:17:15.075Z] <<< [apiv2][status] POST https://upload-firebasehosting.googleapis.com/upload/sites/linkedin-clone-e41ea/versions/574de34486e46274/files/7638ec0fc44018ce66e063dfe5de5c61f27cc9d754584282999f079a325e8efa 200
[debug] [2023-06-11T10:17:15.076Z] <<< [apiv2][body] POST https://upload-firebasehosting.googleapis.com/upload/sites/linkedin-clone-e41ea/versions/574de34486e46274/files/7638ec0fc44018ce66e063dfe5de5c61f27cc9d754584282999f079a325e8efa [stream]
[debug] [2023-06-11T10:17:15.143Z] <<< [apiv2][status] POST https://upload-firebasehosting.googleapis.com/upload/sites/linkedin-clone-e41ea/versions/574de34486e46274/files/3ee59515172ee198f3be375979df15ac5345183e656720a381b8872b2a39dc8b 200
[debug] [2023-06-11T10:17:15.143Z] <<< [apiv2][body] POST https://upload-firebasehosting.googleapis.com/upload/sites/linkedin-clone-e41ea/versions/574de34486e46274/files/3ee59515172ee198f3be375979df15ac5345183e656720a381b8872b2a39dc8b [stream]
[debug] [2023-06-11T10:17:15.168Z] <<< [apiv2][status] POST https://upload-firebasehosting.googleapis.com/upload/sites/linkedin-clone-e41ea/versions/574de34486e46274/files/7e9e7d97c062bf5725dedeaff77c7dc1b70dbe088d7d76704d0f60ea97523ca2 200
[debug] [2023-06-11T10:17:15.168Z] <<< [apiv2][body] POST https://upload-firebasehosting.googleapis.com/upload/sites/linkedin-clone-e41ea/versions/574de34486e46274/files/7e9e7d97c062bf5725dedeaff77c7dc1b70dbe088d7d76704d0f60ea97523ca2 [stream]
[debug] [2023-06-11T10:17:15.174Z] <<< [apiv2][status] POST https://upload-firebasehosting.googleapis.com/upload/sites/linkedin-clone-e41ea/versions/574de34486e46274/files/b10e17db82298fcf2dd11f66da4e12043623d98f63f9cea1bc7842f17c3c491d 200
[debug] [2023-06-11T10:17:15.174Z] <<< [apiv2][body] POST https://upload-firebasehosting.googleapis.com/upload/sites/linkedin-clone-e41ea/versions/574de34486e46274/files/b10e17db82298fcf2dd11f66da4e12043623d98f63f9cea1bc7842f17c3c491d [stream]
[debug] [2023-06-11T10:17:15.234Z] <<< [apiv2][status] POST https://upload-firebasehosting.googleapis.com/upload/sites/linkedin-clone-e41ea/versions/574de34486e46274/files/ee7e2f3fdb8209c4b6fd7bef6ba50d1b9dba30a25bb5c3126df057e1cb6f5331 200
[debug] [2023-06-11T10:17:15.234Z] <<< [apiv2][body] POST https://upload-firebasehosting.googleapis.com/upload/sites/linkedin-clone-e41ea/versions/574de34486e46274/files/ee7e2f3fdb8209c4b6fd7bef6ba50d1b9dba30a25bb5c3126df057e1cb6f5331 [stream]
[debug] [2023-06-11T10:17:15.450Z] <<< [apiv2][status] POST https://upload-firebasehosting.googleapis.com/upload/sites/linkedin-clone-e41ea/versions/574de34486e46274/files/dcb57aeb7b0a36382cda5b3ca3526b17abb0b6b5048b55ec1b1bf59e3e5f51c6 200
[debug] [2023-06-11T10:17:15.451Z] <<< [apiv2][body] POST https://upload-firebasehosting.googleapis.com/upload/sites/linkedin-clone-e41ea/versions/574de34486e46274/files/dcb57aeb7b0a36382cda5b3ca3526b17abb0b6b5048b55ec1b1bf59e3e5f51c6 [stream]
[debug] [2023-06-11T10:17:15.454Z] <<< [apiv2][status] POST https://upload-firebasehosting.googleapis.com/upload/sites/linkedin-clone-e41ea/versions/574de34486e46274/files/9f97cf13b78a73d077c223d4994def49e2ebcd2392dcc038aab4f37d77e9fe63 200
[debug] [2023-06-11T10:17:15.455Z] <<< [apiv2][body] POST https://upload-firebasehosting.googleapis.com/upload/sites/linkedin-clone-e41ea/versions/574de34486e46274/files/9f97cf13b78a73d077c223d4994def49e2ebcd2392dcc038aab4f37d77e9fe63 [stream]
[debug] [2023-06-11T10:17:15.485Z] <<< [apiv2][status] POST https://upload-firebasehosting.googleapis.com/upload/sites/linkedin-clone-e41ea/versions/574de34486e46274/files/eae62e993eb980ec8a25058c39d5a51feab118bd2100c4deebb2a9c158ec11f9 200
[debug] [2023-06-11T10:17:15.485Z] <<< [apiv2][body] POST https://upload-firebasehosting.googleapis.com/upload/sites/linkedin-clone-e41ea/versions/574de34486e46274/files/eae62e993eb980ec8a25058c39d5a51feab118bd2100c4deebb2a9c158ec11f9 [stream]
[debug] [2023-06-11T10:17:15.541Z] <<< [apiv2][status] POST https://upload-firebasehosting.googleapis.com/upload/sites/linkedin-clone-e41ea/versions/574de34486e46274/files/b790797b91bae04403378e2264cc86801bae323321fc42b2fcbf9d2f5d5a8d8b 200
[debug] [2023-06-11T10:17:15.541Z] <<< [apiv2][body] POST https://upload-firebasehosting.googleapis.com/upload/sites/linkedin-clone-e41ea/versions/574de34486e46274/files/b790797b91bae04403378e2264cc86801bae323321fc42b2fcbf9d2f5d5a8d8b [stream]
[debug] [2023-06-11T10:17:15.684Z] <<< [apiv2][status] POST https://upload-firebasehosting.googleapis.com/upload/sites/linkedin-clone-e41ea/versions/574de34486e46274/files/5580ff4f733aa48a217ebb21e12de0e9ffeba5792cd20c6fcccbd2498740a634 200
[debug] [2023-06-11T10:17:15.684Z] <<< [apiv2][body] POST https://upload-firebasehosting.googleapis.com/upload/sites/linkedin-clone-e41ea/versions/574de34486e46274/files/5580ff4f733aa48a217ebb21e12de0e9ffeba5792cd20c6fcccbd2498740a634 [stream]
[debug] [2023-06-11T10:17:15.687Z] <<< [apiv2][status] POST https://upload-firebasehosting.googleapis.com/upload/sites/linkedin-clone-e41ea/versions/574de34486e46274/files/ba03b4e777f180692784cf6f48d0e99a87feea2631262ee788585919c377a195 200
[debug] [2023-06-11T10:17:15.687Z] <<< [apiv2][body] POST https://upload-firebasehosting.googleapis.com/upload/sites/linkedin-clone-e41ea/versions/574de34486e46274/files/ba03b4e777f180692784cf6f48d0e99a87feea2631262ee788585919c377a195 [stream]
[debug] [2023-06-11T10:17:15.717Z] <<< [apiv2][status] POST https://upload-firebasehosting.googleapis.com/upload/sites/linkedin-clone-e41ea/versions/574de34486e46274/files/10542da7b2ee9242fe396b7094744d1c925cb637b6410ad2d8270ed71281afc2 200
[debug] [2023-06-11T10:17:15.718Z] <<< [apiv2][body] POST https://upload-firebasehosting.googleapis.com/upload/sites/linkedin-clone-e41ea/versions/574de34486e46274/files/10542da7b2ee9242fe396b7094744d1c925cb637b6410ad2d8270ed71281afc2 [stream]
[debug] [2023-06-11T10:17:15.868Z] <<< [apiv2][status] POST https://upload-firebasehosting.googleapis.com/upload/sites/linkedin-clone-e41ea/versions/574de34486e46274/files/19415514ebcb9714d4fa95508e335b4566b80774a21be91f1abb39f1f3a31575 200
[debug] [2023-06-11T10:17:15.869Z] <<< [apiv2][body] POST https://upload-firebasehosting.googleapis.com/upload/sites/linkedin-clone-e41ea/versions/574de34486e46274/files/19415514ebcb9714d4fa95508e335b4566b80774a21be91f1abb39f1f3a31575 [stream]
[debug] [2023-06-11T10:17:15.876Z] <<< [apiv2][status] POST https://upload-firebasehosting.googleapis.com/upload/sites/linkedin-clone-e41ea/versions/574de34486e46274/files/6a0de46e8acd5fa4cbe7465557cca8704a7d31f33f0fdd175a111d0c48957565 200
[debug] [2023-06-11T10:17:15.876Z] <<< [apiv2][body] POST https://upload-firebasehosting.googleapis.com/upload/sites/linkedin-clone-e41ea/versions/574de34486e46274/files/6a0de46e8acd5fa4cbe7465557cca8704a7d31f33f0fdd175a111d0c48957565 [stream]
[debug] [2023-06-11T10:17:15.879Z] <<< [apiv2][status] POST https://upload-firebasehosting.googleapis.com/upload/sites/linkedin-clone-e41ea/versions/574de34486e46274/files/54120820a82df877b307f2b22189ac717aae2aa6b13bfe1aae09a577bbba6fe3 200
[debug] [2023-06-11T10:17:15.880Z] <<< [apiv2][body] POST https://upload-firebasehosting.googleapis.com/upload/sites/linkedin-clone-e41ea/versions/574de34486e46274/files/54120820a82df877b307f2b22189ac717aae2aa6b13bfe1aae09a577bbba6fe3 [stream]
[debug] [2023-06-11T10:17:15.882Z] <<< [apiv2][status] POST https://upload-firebasehosting.googleapis.com/upload/sites/linkedin-clone-e41ea/versions/574de34486e46274/files/69d1a226a368d3552507a17f181862071a0a866298961de9150e37922635a81e 200
[debug] [2023-06-11T10:17:15.882Z] <<< [apiv2][body] POST https://upload-firebasehosting.googleapis.com/upload/sites/linkedin-clone-e41ea/versions/574de34486e46274/files/69d1a226a368d3552507a17f181862071a0a866298961de9150e37922635a81e [stream]
[debug] [2023-06-11T10:17:15.884Z] <<< [apiv2][status] POST https://upload-firebasehosting.googleapis.com/upload/sites/linkedin-clone-e41ea/versions/574de34486e46274/files/619daa7bd922d039a01c1b3b020a2fd32486c3090385e7b0ddd11a2fa28fca68 200
[debug] [2023-06-11T10:17:15.885Z] <<< [apiv2][body] POST https://upload-firebasehosting.googleapis.com/upload/sites/linkedin-clone-e41ea/versions/574de34486e46274/files/619daa7bd922d039a01c1b3b020a2fd32486c3090385e7b0ddd11a2fa28fca68 [stream]
[debug] [2023-06-11T10:17:15.888Z] <<< [apiv2][status] POST https://upload-firebasehosting.googleapis.com/upload/sites/linkedin-clone-e41ea/versions/574de34486e46274/files/cc6be15b7c37def34fa9cc144a2fadc49aea1998a9f521b3cfd87b3c8c501446 200
[debug] [2023-06-11T10:17:15.888Z] <<< [apiv2][body] POST https://upload-firebasehosting.googleapis.com/upload/sites/linkedin-clone-e41ea/versions/574de34486e46274/files/cc6be15b7c37def34fa9cc144a2fadc49aea1998a9f521b3cfd87b3c8c501446 [stream]
[debug] [2023-06-11T10:17:15.900Z] <<< [apiv2][status] POST https://upload-firebasehosting.googleapis.com/upload/sites/linkedin-clone-e41ea/versions/574de34486e46274/files/aff3449bdc238776f5d6d967f19ec491b36aed5fb7f23ccff6500736fd58494a 200
[debug] [2023-06-11T10:17:15.900Z] <<< [apiv2][body] POST https://upload-firebasehosting.googleapis.com/upload/sites/linkedin-clone-e41ea/versions/574de34486e46274/files/aff3449bdc238776f5d6d967f19ec491b36aed5fb7f23ccff6500736fd58494a [stream]
[debug] [2023-06-11T10:17:15.904Z] <<< [apiv2][status] POST https://upload-firebasehosting.googleapis.com/upload/sites/linkedin-clone-e41ea/versions/574de34486e46274/files/c713ed2d9cb0dc016ee87fec2ad6ad85f3fda3e62ae31c4d30d4650f1d55b79f 200
[debug] [2023-06-11T10:17:15.905Z] <<< [apiv2][body] POST https://upload-firebasehosting.googleapis.com/upload/sites/linkedin-clone-e41ea/versions/574de34486e46274/files/c713ed2d9cb0dc016ee87fec2ad6ad85f3fda3e62ae31c4d30d4650f1d55b79f [stream]
[debug] [2023-06-11T10:17:15.949Z] <<< [apiv2][status] POST https://upload-firebasehosting.googleapis.com/upload/sites/linkedin-clone-e41ea/versions/574de34486e46274/files/9b14709d46047dc9215ee2029a64bcf7c3a969f8a7c44c1573abb6d53fd08e89 200
[debug] [2023-06-11T10:17:15.949Z] <<< [apiv2][body] POST https://upload-firebasehosting.googleapis.com/upload/sites/linkedin-clone-e41ea/versions/574de34486e46274/files/9b14709d46047dc9215ee2029a64bcf7c3a969f8a7c44c1573abb6d53fd08e89 [stream]
[debug] [2023-06-11T10:17:15.968Z] <<< [apiv2][status] POST https://upload-firebasehosting.googleapis.com/upload/sites/linkedin-clone-e41ea/versions/574de34486e46274/files/53d9fb662aecb78fa63cfcea38592a8fad742a40fc0eca95b6349e37cf63fbff 200
[debug] [2023-06-11T10:17:15.969Z] <<< [apiv2][body] POST https://upload-firebasehosting.googleapis.com/upload/sites/linkedin-clone-e41ea/versions/574de34486e46274/files/53d9fb662aecb78fa63cfcea38592a8fad742a40fc0eca95b6349e37cf63fbff [stream]
[debug] [2023-06-11T10:17:15.979Z] <<< [apiv2][status] POST https://upload-firebasehosting.googleapis.com/upload/sites/linkedin-clone-e41ea/versions/574de34486e46274/files/0a7266a3b91a2d7cc362ce089a40bfb67ead4ec858abeb1e284c026f1edd0cc7 200
[debug] [2023-06-11T10:17:15.979Z] <<< [apiv2][body] POST https://upload-firebasehosting.googleapis.com/upload/sites/linkedin-clone-e41ea/versions/574de34486e46274/files/0a7266a3b91a2d7cc362ce089a40bfb67ead4ec858abeb1e284c026f1edd0cc7 [stream]
[debug] [2023-06-11T10:17:16.047Z] <<< [apiv2][status] POST https://upload-firebasehosting.googleapis.com/upload/sites/linkedin-clone-e41ea/versions/574de34486e46274/files/e6151ab5510d534f8128ce8c607294cf5f5517200792c0ef30f73fc4d56df09e 200
[debug] [2023-06-11T10:17:16.047Z] <<< [apiv2][body] POST https://upload-firebasehosting.googleapis.com/upload/sites/linkedin-clone-e41ea/versions/574de34486e46274/files/e6151ab5510d534f8128ce8c607294cf5f5517200792c0ef30f73fc4d56df09e [stream]
[debug] [2023-06-11T10:17:16.058Z] <<< [apiv2][status] POST https://upload-firebasehosting.googleapis.com/upload/sites/linkedin-clone-e41ea/versions/574de34486e46274/files/5a94de20bdfeecacc33de825a3a7021b0f9e3fd3941e02a20f356b25b5bf0b0a 200
[debug] [2023-06-11T10:17:16.059Z] <<< [apiv2][body] POST https://upload-firebasehosting.googleapis.com/upload/sites/linkedin-clone-e41ea/versions/574de34486e46274/files/5a94de20bdfeecacc33de825a3a7021b0f9e3fd3941e02a20f356b25b5bf0b0a [stream]
[debug] [2023-06-11T10:17:16.186Z] <<< [apiv2][status] POST https://upload-firebasehosting.googleapis.com/upload/sites/linkedin-clone-e41ea/versions/574de34486e46274/files/757c1d114fc6d28be5393c59ea32ca10e06442ade105d9c3abecc4dc039f129e 200
[debug] [2023-06-11T10:17:16.187Z] <<< [apiv2][body] POST https://upload-firebasehosting.googleapis.com/upload/sites/linkedin-clone-e41ea/versions/574de34486e46274/files/757c1d114fc6d28be5393c59ea32ca10e06442ade105d9c3abecc4dc039f129e [stream]
[debug] [2023-06-11T10:17:16.218Z] <<< [apiv2][status] POST https://upload-firebasehosting.googleapis.com/upload/sites/linkedin-clone-e41ea/versions/574de34486e46274/files/b7b3b9e95263b0d46ea817e11ee58491c2e40e3cc1eb9c7c570f91f26e5f6079 200
[debug] [2023-06-11T10:17:16.219Z] <<< [apiv2][body] POST https://upload-firebasehosting.googleapis.com/upload/sites/linkedin-clone-e41ea/versions/574de34486e46274/files/b7b3b9e95263b0d46ea817e11ee58491c2e40e3cc1eb9c7c570f91f26e5f6079 [stream]
[debug] [2023-06-11T10:17:16.253Z] <<< [apiv2][status] POST https://upload-firebasehosting.googleapis.com/upload/sites/linkedin-clone-e41ea/versions/574de34486e46274/files/e22c1f9bc899346aa03775dec930b5a1f9285136380f4ad49ffc0c71b57b7848 200
[debug] [2023-06-11T10:17:16.253Z] <<< [apiv2][body] POST https://upload-firebasehosting.googleapis.com/upload/sites/linkedin-clone-e41ea/versions/574de34486e46274/files/e22c1f9bc899346aa03775dec930b5a1f9285136380f4ad49ffc0c71b57b7848 [stream]
[debug] [2023-06-11T10:17:16.329Z] <<< [apiv2][status] POST https://upload-firebasehosting.googleapis.com/upload/sites/linkedin-clone-e41ea/versions/574de34486e46274/files/31dd304f07971592841f09713861bde0695b3fda1b5caf551470b0ddc4c69c30 200
[debug] [2023-06-11T10:17:16.329Z] <<< [apiv2][body] POST https://upload-firebasehosting.googleapis.com/upload/sites/linkedin-clone-e41ea/versions/574de34486e46274/files/31dd304f07971592841f09713861bde0695b3fda1b5caf551470b0ddc4c69c30 [stream]
[debug] [2023-06-11T10:17:16.332Z] <<< [apiv2][status] POST https://upload-firebasehosting.googleapis.com/upload/sites/linkedin-clone-e41ea/versions/574de34486e46274/files/ceea1f67fbfdd78f407c6cba0b784b259cdb79ca6dbfc4361c0e63b86814ef4b 200
[debug] [2023-06-11T10:17:16.332Z] <<< [apiv2][body] POST https://upload-firebasehosting.googleapis.com/upload/sites/linkedin-clone-e41ea/versions/574de34486e46274/files/ceea1f67fbfdd78f407c6cba0b784b259cdb79ca6dbfc4361c0e63b86814ef4b [stream]
[debug] [2023-06-11T10:17:16.335Z] <<< [apiv2][status] POST https://upload-firebasehosting.googleapis.com/upload/sites/linkedin-clone-e41ea/versions/574de34486e46274/files/516dc6407227cd0d26df1e330b81a6fc1e4806a028f04951838b7cd53cff4da6 200
[debug] [2023-06-11T10:17:16.335Z] <<< [apiv2][body] POST https://upload-firebasehosting.googleapis.com/upload/sites/linkedin-clone-e41ea/versions/574de34486e46274/files/516dc6407227cd0d26df1e330b81a6fc1e4806a028f04951838b7cd53cff4da6 [stream]
[debug] [2023-06-11T10:17:16.357Z] <<< [apiv2][status] POST https://upload-firebasehosting.googleapis.com/upload/sites/linkedin-clone-e41ea/versions/574de34486e46274/files/1f2a81ae118bc538454d21f0023f7e56282ac36d9a340b953474f1183d38df3a 200
[debug] [2023-06-11T10:17:16.357Z] <<< [apiv2][body] POST https://upload-firebasehosting.googleapis.com/upload/sites/linkedin-clone-e41ea/versions/574de34486e46274/files/1f2a81ae118bc538454d21f0023f7e56282ac36d9a340b953474f1183d38df3a [stream]
[debug] [2023-06-11T10:17:16.371Z] <<< [apiv2][status] POST https://upload-firebasehosting.googleapis.com/upload/sites/linkedin-clone-e41ea/versions/574de34486e46274/files/0774a7e826a27e667089549c4b5b682fb08ed5b2fac68eb6f6b74605ee31a6c9 200
[debug] [2023-06-11T10:17:16.371Z] <<< [apiv2][body] POST https://upload-firebasehosting.googleapis.com/upload/sites/linkedin-clone-e41ea/versions/574de34486e46274/files/0774a7e826a27e667089549c4b5b682fb08ed5b2fac68eb6f6b74605ee31a6c9 [stream]
[debug] [2023-06-11T10:17:16.437Z] <<< [apiv2][status] POST https://upload-firebasehosting.googleapis.com/upload/sites/linkedin-clone-e41ea/versions/574de34486e46274/files/a95436fde73b5ad107078aac9e34c4ac452db9e3c4768a64c4e56a01b200a5a0 200
[debug] [2023-06-11T10:17:16.437Z] <<< [apiv2][body] POST https://upload-firebasehosting.googleapis.com/upload/sites/linkedin-clone-e41ea/versions/574de34486e46274/files/a95436fde73b5ad107078aac9e34c4ac452db9e3c4768a64c4e56a01b200a5a0 [stream]
[debug] [2023-06-11T10:17:16.440Z] <<< [apiv2][status] POST https://upload-firebasehosting.googleapis.com/upload/sites/linkedin-clone-e41ea/versions/574de34486e46274/files/53cc4fa0d5189fb2a523b12650a568d618531e8a3249a6eada7fc78edfa14e33 200
[debug] [2023-06-11T10:17:16.441Z] <<< [apiv2][body] POST https://upload-firebasehosting.googleapis.com/upload/sites/linkedin-clone-e41ea/versions/574de34486e46274/files/53cc4fa0d5189fb2a523b12650a568d618531e8a3249a6eada7fc78edfa14e33 [stream]
[debug] [2023-06-11T10:17:16.503Z] <<< [apiv2][status] POST https://upload-firebasehosting.googleapis.com/upload/sites/linkedin-clone-e41ea/versions/574de34486e46274/files/5bc4ad0456d1b3c2adb20554e8774d2f1774580dc59c253dfa2149894e099e25 200
[debug] [2023-06-11T10:17:16.504Z] <<< [apiv2][body] POST https://upload-firebasehosting.googleapis.com/upload/sites/linkedin-clone-e41ea/versions/574de34486e46274/files/5bc4ad0456d1b3c2adb20554e8774d2f1774580dc59c253dfa2149894e099e25 [stream]
[debug] [2023-06-11T10:17:17.090Z] <<< [apiv2][status] POST https://upload-firebasehosting.googleapis.com/upload/sites/linkedin-clone-e41ea/versions/574de34486e46274/files/0974affcd5f79dbda2476fe9f3afc7dfb6848e38dc883086ef665c94394534a4 200
[debug] [2023-06-11T10:17:17.091Z] <<< [apiv2][body] POST https://upload-firebasehosting.googleapis.com/upload/sites/linkedin-clone-e41ea/versions/574de34486e46274/files/0974affcd5f79dbda2476fe9f3afc7dfb6848e38dc883086ef665c94394534a4 [stream]
[debug] [2023-06-11T10:17:17.506Z] <<< [apiv2][status] POST https://upload-firebasehosting.googleapis.com/upload/sites/linkedin-clone-e41ea/versions/574de34486e46274/files/b5015540f8b925492e8db5fc7fc28052eb717cfcc5102912ce885880c47cf445 200
[debug] [2023-06-11T10:17:17.506Z] <<< [apiv2][body] POST https://upload-firebasehosting.googleapis.com/upload/sites/linkedin-clone-e41ea/versions/574de34486e46274/files/b5015540f8b925492e8db5fc7fc28052eb717cfcc5102912ce885880c47cf445 [stream]
[debug] [2023-06-11T10:17:17.584Z] <<< [apiv2][status] POST https://upload-firebasehosting.googleapis.com/upload/sites/linkedin-clone-e41ea/versions/574de34486e46274/files/ec435030d70e99683a6b999561c46b55f169735c5a9fd2734b97f1730e172e1b 200
[debug] [2023-06-11T10:17:17.584Z] <<< [apiv2][body] POST https://upload-firebasehosting.googleapis.com/upload/sites/linkedin-clone-e41ea/versions/574de34486e46274/files/ec435030d70e99683a6b999561c46b55f169735c5a9fd2734b97f1730e172e1b [stream]
[debug] [2023-06-11T10:17:18.108Z] <<< [apiv2][status] POST https://upload-firebasehosting.googleapis.com/upload/sites/linkedin-clone-e41ea/versions/574de34486e46274/files/05f92ab03fbec22328205b6d445499afae61ea7b8d27e08ee9152ae68af7b454 200
[debug] [2023-06-11T10:17:18.108Z] <<< [apiv2][body] POST https://upload-firebasehosting.googleapis.com/upload/sites/linkedin-clone-e41ea/versions/574de34486e46274/files/05f92ab03fbec22328205b6d445499afae61ea7b8d27e08ee9152ae68af7b454 [stream]
[debug] [2023-06-11T10:17:34.986Z] <<< [apiv2][status] POST https://upload-firebasehosting.googleapis.com/upload/sites/linkedin-clone-e41ea/versions/574de34486e46274/files/2e15d8772a3168139e40f5956cd342f6337b943a35db544866e63469d0242f0b 200
[debug] [2023-06-11T10:17:34.986Z] <<< [apiv2][body] POST https://upload-firebasehosting.googleapis.com/upload/sites/linkedin-clone-e41ea/versions/574de34486e46274/files/2e15d8772a3168139e40f5956cd342f6337b943a35db544866e63469d0242f0b [stream]
[debug] [2023-06-11T10:17:40.387Z] <<< [apiv2][status] POST https://upload-firebasehosting.googleapis.com/upload/sites/linkedin-clone-e41ea/versions/574de34486e46274/files/1783f7f1231c6b75e09572ab90e01b33dcbced6f4f75fcb9067daedd1a55e3d6 200
[debug] [2023-06-11T10:17:40.388Z] <<< [apiv2][body] POST https://upload-firebasehosting.googleapis.com/upload/sites/linkedin-clone-e41ea/versions/574de34486e46274/files/1783f7f1231c6b75e09572ab90e01b33dcbced6f4f75fcb9067daedd1a55e3d6 [stream]
[debug] [2023-06-11T10:17:40.550Z] <<< [apiv2][status] POST https://upload-firebasehosting.googleapis.com/upload/sites/linkedin-clone-e41ea/versions/574de34486e46274/files/66737b0bb2e4ca95e064597d84d8190da4dff3aacdcf74f309be42b2250b4101 200
[debug] [2023-06-11T10:17:40.550Z] <<< [apiv2][body] POST https://upload-firebasehosting.googleapis.com/upload/sites/linkedin-clone-e41ea/versions/574de34486e46274/files/66737b0bb2e4ca95e064597d84d8190da4dff3aacdcf74f309be42b2250b4101 [stream]
[debug] [2023-06-11T10:17:40.551Z] [hosting][upload queue][FINAL] {"max":28045,"min":2483,"avg":4798.897959183673,"active":0,"complete":49,"success":49,"errored":0,"retried":0,"total":49,"elapsed":28056}
[info] +  hosting[linkedin-clone-e41ea]: file upload complete 
[debug] [2023-06-11T10:17:40.559Z] [hosting] deploy completed after 31769ms
[debug] [2023-06-11T10:17:40.571Z] [
  {
    "config": {
      "public": "build",
      "ignore": [
        "firebase.json",
        "**/.*",
        "**/node_modules/**"
      ],
      "rewrites": [
        {
          "source": "**",
          "destination": "/index.html"
        }
      ],
      "site": "linkedin-clone-e41ea"
    },
    "version": "projects/229031236045/sites/linkedin-clone-e41ea/versions/574de34486e46274"
  }
]
[info] i  hosting[linkedin-clone-e41ea]: finalizing version... 
[debug] [2023-06-11T10:17:40.584Z] >>> [apiv2][query] PATCH https://firebasehosting.googleapis.com/v1beta1/projects/-/sites/linkedin-clone-e41ea/versions/574de34486e46274 updateMask=status%2Cconfig
[debug] [2023-06-11T10:17:40.585Z] >>> [apiv2][body] PATCH https://firebasehosting.googleapis.com/v1beta1/projects/-/sites/linkedin-clone-e41ea/versions/574de34486e46274 {"status":"FINALIZED","config":{"rewrites":[{"glob":"**","path":"/index.html"}]}}
[debug] [2023-06-11T10:17:42.630Z] <<< [apiv2][status] PATCH https://firebasehosting.googleapis.com/v1beta1/projects/-/sites/linkedin-clone-e41ea/versions/574de34486e46274 200
[debug] [2023-06-11T10:17:42.630Z] <<< [apiv2][body] PATCH https://firebasehosting.googleapis.com/v1beta1/projects/-/sites/linkedin-clone-e41ea/versions/574de34486e46274 {"name":"projects/229031236045/sites/linkedin-clone-e41ea/versions/574de34486e46274","status":"FINALIZED","config":{"rewrites":[{"glob":"**","path":"/index.html"}]},"labels":{"deployment-tool":"cli-firebase"},"createTime":"2023-06-11T10:17:08.145133Z","createUser":{"email":"uzairmasood050@gmail.com"},"finalizeTime":"2023-06-11T10:17:42.392183Z","finalizeUser":{"email":"uzairmasood050@gmail.com"}}
[debug] [2023-06-11T10:17:42.631Z] [hosting] finalized version for linkedin-clone-e41ea:[object Object]
[info] +  hosting[linkedin-clone-e41ea]: version finalized 
[info] i  hosting[linkedin-clone-e41ea]: releasing new version... 
[debug] [2023-06-11T10:17:42.634Z] >>> [apiv2][query] POST https://firebasehosting.googleapis.com/v1beta1/projects/-/sites/linkedin-clone-e41ea/channels/live/releases versionName=projects%2F229031236045%2Fsites%2Flinkedin-clone-e41ea%2Fversions%2F574de34486e46274
[debug] [2023-06-11T10:17:42.635Z] >>> [apiv2][body] POST https://firebasehosting.googleapis.com/v1beta1/projects/-/sites/linkedin-clone-e41ea/channels/live/releases {}
[debug] [2023-06-11T10:17:44.795Z] <<< [apiv2][status] POST https://firebasehosting.googleapis.com/v1beta1/projects/-/sites/linkedin-clone-e41ea/channels/live/releases 200
[debug] [2023-06-11T10:17:44.796Z] <<< [apiv2][body] POST https://firebasehosting.googleapis.com/v1beta1/projects/-/sites/linkedin-clone-e41ea/channels/live/releases {"name":"projects/229031236045/sites/linkedin-clone-e41ea/channels/live/releases/1686478664065000","version":{"name":"projects/229031236045/sites/linkedin-clone-e41ea/versions/574de34486e46274","status":"FINALIZED","config":{"rewrites":[{"glob":"**","path":"/index.html"}]},"labels":{"deployment-tool":"cli-firebase"},"createTime":"2023-06-11T10:17:08.145133Z","createUser":{"email":"uzairmasood050@gmail.com","imageUrl":"https://lh3.googleusercontent.com/a/AAcHTteN87dBGOAlOmspu4HSbfoiF_EzjEQR8tOzo5TFww"},"finalizeTime":"2023-06-11T10:17:42.392183Z","finalizeUser":{"email":"uzairmasood050@gmail.com","imageUrl":"https://lh3.googleusercontent.com/a/AAcHTteN87dBGOAlOmspu4HSbfoiF_EzjEQR8tOzo5TFww"}},"type":"DEPLOY","releaseTime":"2023-06-11T10:17:44.065Z","releaseUser":{"email":"uzairmasood050@gmail.com","imageUrl":"https://lh3.googleusercontent.com/a/AAcHTteN87dBGOAlOmspu4HSbfoiF_EzjEQR8tOzo5TFww"}}
[debug] [2023-06-11T10:17:44.796Z] [hosting] release: {"name":"projects/229031236045/sites/linkedin-clone-e41ea/channels/live/releases/1686478664065000","version":{"name":"projects/229031236045/sites/linkedin-clone-e41ea/versions/574de34486e46274","status":"FINALIZED","config":{"rewrites":[{"glob":"**","path":"/index.html"}]},"labels":{"deployment-tool":"cli-firebase"},"createTime":"2023-06-11T10:17:08.145133Z","createUser":{"email":"uzairmasood050@gmail.com","imageUrl":"https://lh3.googleusercontent.com/a/AAcHTteN87dBGOAlOmspu4HSbfoiF_EzjEQR8tOzo5TFww"},"finalizeTime":"2023-06-11T10:17:42.392183Z","finalizeUser":{"email":"uzairmasood050@gmail.com","imageUrl":"https://lh3.googleusercontent.com/a/AAcHTteN87dBGOAlOmspu4HSbfoiF_EzjEQR8tOzo5TFww"}},"type":"DEPLOY","releaseTime":"2023-06-11T10:17:44.065Z","releaseUser":{"email":"uzairmasood050@gmail.com","imageUrl":"https://lh3.googleusercontent.com/a/AAcHTteN87dBGOAlOmspu4HSbfoiF_EzjEQR8tOzo5TFww"}}
[info] +  hosting[linkedin-clone-e41ea]: release complete 
[info] 
[info] +  Deploy complete! 
[info] 
[info] Project Console: https://console.firebase.google.com/project/linkedin-clone-e41ea/overview
[info] Hosting URL: https://linkedin-clone-e41ea.web.app
[debug] [2023-06-11T10:17:51.357Z] Error: Timed out.
    at Timeout._onTimeout (C:\Users\Laptop House\AppData\Roaming\npm\node_modules\firebase-tools\lib\utils.js:253:49)
    at listOnTimeout (node:internal/timers:564:17)
    at process.processTimers (node:internal/timers:507:7)
[error] 
[error] Error: An unexpected error has occurred.
